---------------------------------------
Begin Slurm Prolog: Aug-01-2024 18:35:49
Job ID:    1715084
User ID:   cchen672
Account:   hive-gli323
Job name:  do_TTV
Partition: hive-nvme
---------------------------------------
reading data from pkl
(1000,)
---------------------------------------
Begin Slurm Epilog: Aug-01-2024 18:36:07
Job ID:        1715084
Array Job ID:  _4294967294
User ID:       cchen672
Account:       hive-gli323
Job name:      do_TTV
Resources:     cpu=1,mem=10G,node=1
Rsrc Used:     cput=00:00:17,vmem=4K,walltime=00:00:17,mem=0,energy_used=0
Partition:     hive-nvme
Nodes:         atl1-1-01-010-3-0
---------------------------------------
