---------------------------------------
Begin Slurm Prolog: Jul-19-2024 20:50:09
Job ID:    1702791
User ID:   cchen672
Account:   hive-gli323
Job name:  filter
Partition: hive-nvme
---------------------------------------
Before filtering, there are 1000 data, 1000 data left after filtering. (0.5 < max_ttv < 1.5, tdv filter False.
---------------------------------------
Begin Slurm Epilog: Jul-19-2024 20:50:19
Job ID:        1702791
Array Job ID:  _4294967294
User ID:       cchen672
Account:       hive-gli323
Job name:      filter
Resources:     cpu=1,mem=10G,node=1
Rsrc Used:     cput=00:00:10,vmem=4K,walltime=00:00:10,mem=0,energy_used=0
Partition:     hive-nvme
Nodes:         atl1-1-01-010-3-0
---------------------------------------
