---------------------------------------
Begin Slurm Prolog: Jul-19-2024 20:42:58
Job ID:    1702790
User ID:   cchen672
Account:   hive-gli323
Job name:  do_TTV
Partition: hive-nvme-sas
---------------------------------------
currently reading /storage/hive/scratch/0/cchen672/TTV_2023_new/diff_kepler88/sim_folder_kepler88_obs_2016_para2013_7_19/num_1_xPos
currently reading /storage/hive/scratch/0/cchen672/TTV_2023_new/diff_kepler88/sim_folder_kepler88_obs_2016_para2013_7_19/num_5_xPos
currently reading /storage/hive/scratch/0/cchen672/TTV_2023_new/diff_kepler88/sim_folder_kepler88_obs_2016_para2013_7_19/num_6_xPos
currently reading /storage/hive/scratch/0/cchen672/TTV_2023_new/diff_kepler88/sim_folder_kepler88_obs_2016_para2013_7_19/num_2_xPos
currently reading /storage/hive/scratch/0/cchen672/TTV_2023_new/diff_kepler88/sim_folder_kepler88_obs_2016_para2013_7_19/num_8_xPos
currently reading /storage/hive/scratch/0/cchen672/TTV_2023_new/diff_kepler88/sim_folder_kepler88_obs_2016_para2013_7_19/num_10_xPos
currently reading /storage/hive/scratch/0/cchen672/TTV_2023_new/diff_kepler88/sim_folder_kepler88_obs_2016_para2013_7_19/num_9_xPos
currently reading /storage/hive/scratch/0/cchen672/TTV_2023_new/diff_kepler88/sim_folder_kepler88_obs_2016_para2013_7_19/num_7_xPos
currently reading /storage/hive/scratch/0/cchen672/TTV_2023_new/diff_kepler88/sim_folder_kepler88_obs_2016_para2013_7_19/num_4_xPos
currently reading /storage/hive/scratch/0/cchen672/TTV_2023_new/diff_kepler88/sim_folder_kepler88_obs_2016_para2013_7_19/num_3_xPos
10 1000
---------------------------------------
Begin Slurm Epilog: Jul-19-2024 20:43:13
Job ID:        1702790
Array Job ID:  _4294967294
User ID:       cchen672
Account:       hive-gli323
Job name:      do_TTV
Resources:     cpu=1,mem=10G,node=1
Rsrc Used:     cput=00:00:16,vmem=4K,walltime=00:00:16,mem=0,energy_used=0
Partition:     hive-nvme-sas
Nodes:         atl1-1-01-010-19-2
---------------------------------------
